This file contains any messages produced by compilers while
running configure, to aid debugging if configure makes a mistake.

It was created by STOICAL configure 0.1.9, which was
generated by GNU Autoconf 2.69.  Invocation command line was

  $ ./configure --disable-threads --enable-debug --enable-safe --enable-profile CFLAGS=-O0

## --------- ##
## Platform. ##
## --------- ##

hostname = Flipper
uname -m = x86_64
uname -r = 4.19.128-microsoft-standard
uname -s = Linux
uname -v = #1 SMP Tue Jun 23 12:58:10 UTC 2020

/usr/bin/uname -p = x86_64
/bin/uname -X     = unknown

/bin/arch              = x86_64
/usr/bin/arch -k       = unknown
/usr/convex/getsysinfo = unknown
/usr/bin/hostinfo      = unknown
/bin/machine           = unknown
/usr/bin/oslevel       = unknown
/bin/universe          = unknown

PATH: /usr/local/sbin
PATH: /usr/local/bin
PATH: /usr/sbin
PATH: /usr/bin
PATH: /sbin
PATH: /bin
PATH: /usr/games
PATH: /usr/local/games
PATH: /snap/bin


## ----------- ##
## Core tests. ##
## ----------- ##

configure:2460: checking for gcc
configure:2476: found /usr/bin/gcc
configure:2487: result: gcc
configure:2716: checking for C compiler version
configure:2725: gcc --version >&5
gcc (Ubuntu 9.3.0-10ubuntu2) 9.3.0
Copyright (C) 2019 Free Software Foundation, Inc.
This is free software; see the source for copying conditions.  There is NO
warranty; not even for MERCHANTABILITY or FITNESS FOR A PARTICULAR PURPOSE.

configure:2736: $? = 0
configure:2725: gcc -v >&5
Using built-in specs.
COLLECT_GCC=gcc
COLLECT_LTO_WRAPPER=/usr/lib/gcc/x86_64-linux-gnu/9/lto-wrapper
OFFLOAD_TARGET_NAMES=nvptx-none:hsa
OFFLOAD_TARGET_DEFAULT=1
Target: x86_64-linux-gnu
Configured with: ../src/configure -v --with-pkgversion='Ubuntu 9.3.0-10ubuntu2' --with-bugurl=file:///usr/share/doc/gcc-9/README.Bugs --enable-languages=c,ada,c++,go,brig,d,fortran,objc,obj-c++,gm2 --prefix=/usr --with-gcc-major-version-only --program-suffix=-9 --program-prefix=x86_64-linux-gnu- --enable-shared --enable-linker-build-id --libexecdir=/usr/lib --without-included-gettext --enable-threads=posix --libdir=/usr/lib --enable-nls --enable-clocale=gnu --enable-libstdcxx-debug --enable-libstdcxx-time=yes --with-default-libstdcxx-abi=new --enable-gnu-unique-object --disable-vtable-verify --enable-plugin --enable-default-pie --with-system-zlib --with-target-system-zlib=auto --enable-objc-gc=auto --enable-multiarch --disable-werror --with-arch-32=i686 --with-abi=m64 --with-multilib-list=m32,m64,mx32 --enable-multilib --with-tune=generic --enable-offload-targets=nvptx-none,hsa --without-cuda-driver --enable-checking=release --build=x86_64-linux-gnu --host=x86_64-linux-gnu --target=x86_64-linux-gnu
Thread model: posix
gcc version 9.3.0 (Ubuntu 9.3.0-10ubuntu2) 
configure:2736: $? = 0
configure:2725: gcc -V >&5
gcc: error: unrecognized command line option '-V'
gcc: fatal error: no input files
compilation terminated.
configure:2736: $? = 1
configure:2725: gcc -qversion >&5
gcc: error: unrecognized command line option '-qversion'; did you mean '--version'?
gcc: fatal error: no input files
compilation terminated.
configure:2736: $? = 1
configure:2756: checking whether the C compiler works
configure:2778: gcc -O0   conftest.c  >&5
configure:2782: $? = 0
configure:2830: result: yes
configure:2833: checking for C compiler default output file name
configure:2835: result: a.out
configure:2841: checking for suffix of executables
configure:2848: gcc -o conftest -O0   conftest.c  >&5
configure:2852: $? = 0
configure:2874: result: 
configure:2896: checking whether we are cross compiling
configure:2904: gcc -o conftest -O0   conftest.c  >&5
configure:2908: $? = 0
configure:2915: ./conftest
configure:2919: $? = 0
configure:2907: result: no
configure:2912: checking for suffix of object files
configure:2934: gcc -c -O0  conftest.c >&5
configure:2938: $? = 0
configure:2959: result: o
configure:2963: checking whether we are using the GNU C compiler
configure:2982: gcc -c -O0  conftest.c >&5
configure:2982: $? = 0
configure:2991: result: yes
configure:3000: checking whether gcc accepts -g
configure:3020: gcc -c -g  conftest.c >&5
configure:3020: $? = 0
configure:3061: result: yes
configure:3078: checking for gcc option to accept ISO C89
configure:3141: gcc  -c -O0  conftest.c >&5
configure:3141: $? = 0
configure:3154: result: none needed
configure:3217: checking for a BSD-compatible install
configure:3285: result: /usr/bin/install -c
configure:3296: checking whether ln -s works
configure:3300: result: yes
configure:3411: checking for readline in -lreadline
configure:3436: gcc -o conftest -O0   conftest.c -lreadline   >&5
/usr/bin/ld: cannot find -lreadline
collect2: error: ld returned 1 exit status
configure:3436: $? = 1
configure: failed program was:
| /* confdefs.h */
| #define PACKAGE_NAME "STOICAL"
| #define PACKAGE_TARNAME "stoical"
| #define PACKAGE_VERSION "0.1.9"
| #define PACKAGE_STRING "STOICAL 0.1.9"
| #define PACKAGE_BUGREPORT "chezmike@gmail.com"
| #define PACKAGE_URL ""
| #define DEBUG 1
| #define PROFILE 1
| /* end confdefs.h.  */
| 
| /* Override any GCC internal prototype to avoid an error.
|    Use char because int might match the return type of a GCC
|    builtin and then its argument prototype would still apply.  */
| #ifdef __cplusplus
| extern "C"
| #endif
| char readline ();
| int
| main ()
| {
| return readline ();
|   ;
|   return 0;
| }
configure:3445: result: no
configure:3456: checking for tputs in -ltermcap
configure:3481: gcc -o conftest -O0   conftest.c -ltermcap   >&5
/usr/bin/ld: cannot find -ltermcap
collect2: error: ld returned 1 exit status
configure:3481: $? = 1
configure: failed program was:
| /* confdefs.h */
| #define PACKAGE_NAME "STOICAL"
| #define PACKAGE_TARNAME "stoical"
| #define PACKAGE_VERSION "0.1.9"
| #define PACKAGE_STRING "STOICAL 0.1.9"
| #define PACKAGE_BUGREPORT "chezmike@gmail.com"
| #define PACKAGE_URL ""
| #define DEBUG 1
| #define PROFILE 1
| /* end confdefs.h.  */
| 
| /* Override any GCC internal prototype to avoid an error.
|    Use char because int might match the return type of a GCC
|    builtin and then its argument prototype would still apply.  */
| #ifdef __cplusplus
| extern "C"
| #endif
| char tputs ();
| int
| main ()
| {
| return tputs ();
|   ;
|   return 0;
| }
configure:3490: result: no
configure:3502: checking for fabsf in -lm
configure:3527: gcc -o conftest -O0   conftest.c -lm   >&5
conftest.c:18:6: warning: conflicting types for built-in function 'fabsf'; expected 'float(float)' [-Wbuiltin-declaration-mismatch]
   18 | char fabsf ();
      |      ^~~~~
conftest.c:1:1: note: 'fabsf' is declared in header '<math.h>'
    1 | /* confdefs.h */
configure:3527: $? = 0
configure:3536: result: yes
configure:3552: checking for dirent.h that defines DIR
configure:3571: gcc -c -O0  conftest.c >&5
configure:3571: $? = 0
configure:3579: result: yes
configure:3592: checking for library containing opendir
configure:3623: gcc -o conftest -O0   conftest.c -lm  >&5
configure:3623: $? = 0
configure:3640: result: none required
configure:3712: checking how to run the C preprocessor
configure:3743: gcc -E  conftest.c
configure:3743: $? = 0
configure:3757: gcc -E  conftest.c
conftest.c:13:10: fatal error: ac_nonexistent.h: No such file or directory
   13 | #include <ac_nonexistent.h>
      |          ^~~~~~~~~~~~~~~~~~
compilation terminated.
configure:3757: $? = 1
configure: failed program was:
| /* confdefs.h */
| #define PACKAGE_NAME "STOICAL"
| #define PACKAGE_TARNAME "stoical"
| #define PACKAGE_VERSION "0.1.9"
| #define PACKAGE_STRING "STOICAL 0.1.9"
| #define PACKAGE_BUGREPORT "chezmike@gmail.com"
| #define PACKAGE_URL ""
| #define DEBUG 1
| #define PROFILE 1
| #define HAVE_LIBM 1
| #define HAVE_DIRENT_H 1
| /* end confdefs.h.  */
| #include <ac_nonexistent.h>
configure:3782: result: gcc -E
configure:3802: gcc -E  conftest.c
configure:3802: $? = 0
configure:3816: gcc -E  conftest.c
conftest.c:13:10: fatal error: ac_nonexistent.h: No such file or directory
   13 | #include <ac_nonexistent.h>
      |          ^~~~~~~~~~~~~~~~~~
compilation terminated.
configure:3816: $? = 1
configure: failed program was:
| /* confdefs.h */
| #define PACKAGE_NAME "STOICAL"
| #define PACKAGE_TARNAME "stoical"
| #define PACKAGE_VERSION "0.1.9"
| #define PACKAGE_STRING "STOICAL 0.1.9"
| #define PACKAGE_BUGREPORT "chezmike@gmail.com"
| #define PACKAGE_URL ""
| #define DEBUG 1
| #define PROFILE 1
| #define HAVE_LIBM 1
| #define HAVE_DIRENT_H 1
| /* end confdefs.h.  */
| #include <ac_nonexistent.h>
configure:3845: checking for grep that handles long lines and -e
configure:3903: result: /usr/bin/grep
configure:3908: checking for egrep
configure:3970: result: /usr/bin/grep -E
configure:3975: checking for ANSI C header files
configure:3995: gcc -c -O0  conftest.c >&5
configure:3995: $? = 0
configure:4068: gcc -o conftest -O0   conftest.c -lm  >&5
configure:4068: $? = 0
configure:4068: ./conftest
configure:4068: $? = 0
configure:4079: result: yes
configure:4092: checking for sys/types.h
configure:4092: gcc -c -O0  conftest.c >&5
configure:4092: $? = 0
configure:4092: result: yes
configure:4092: checking for sys/stat.h
configure:4092: gcc -c -O0  conftest.c >&5
configure:4092: $? = 0
configure:4092: result: yes
configure:4092: checking for stdlib.h
configure:4092: gcc -c -O0  conftest.c >&5
configure:4092: $? = 0
configure:4092: result: yes
configure:4092: checking for string.h
configure:4092: gcc -c -O0  conftest.c >&5
configure:4092: $? = 0
configure:4092: result: yes
configure:4092: checking for memory.h
configure:4092: gcc -c -O0  conftest.c >&5
configure:4092: $? = 0
configure:4092: result: yes
configure:4092: checking for strings.h
configure:4092: gcc -c -O0  conftest.c >&5
configure:4092: $? = 0
configure:4092: result: yes
configure:4092: checking for inttypes.h
configure:4092: gcc -c -O0  conftest.c >&5
configure:4092: $? = 0
configure:4092: result: yes
configure:4092: checking for stdint.h
configure:4092: gcc -c -O0  conftest.c >&5
configure:4092: $? = 0
configure:4092: result: yes
configure:4092: checking for unistd.h
configure:4092: gcc -c -O0  conftest.c >&5
configure:4092: $? = 0
configure:4092: result: yes
configure:4107: checking arpa/inet.h usability
configure:4107: gcc -c -O0  conftest.c >&5
configure:4107: $? = 0
configure:4107: result: yes
configure:4107: checking arpa/inet.h presence
configure:4107: gcc -E  conftest.c
configure:4107: $? = 0
configure:4107: result: yes
configure:4107: checking for arpa/inet.h
configure:4107: result: yes
configure:4107: checking fcntl.h usability
configure:4107: gcc -c -O0  conftest.c >&5
configure:4107: $? = 0
configure:4107: result: yes
configure:4107: checking fcntl.h presence
configure:4107: gcc -E  conftest.c
configure:4107: $? = 0
configure:4107: result: yes
configure:4107: checking for fcntl.h
configure:4107: result: yes
configure:4107: checking netdb.h usability
configure:4107: gcc -c -O0  conftest.c >&5
configure:4107: $? = 0
configure:4107: result: yes
configure:4107: checking netdb.h presence
configure:4107: gcc -E  conftest.c
configure:4107: $? = 0
configure:4107: result: yes
configure:4107: checking for netdb.h
configure:4107: result: yes
configure:4107: checking netinet/in.h usability
configure:4107: gcc -c -O0  conftest.c >&5
configure:4107: $? = 0
configure:4107: result: yes
configure:4107: checking netinet/in.h presence
configure:4107: gcc -E  conftest.c
configure:4107: $? = 0
configure:4107: result: yes
configure:4107: checking for netinet/in.h
configure:4107: result: yes
configure:4107: checking for stdlib.h
configure:4107: result: yes
configure:4107: checking for string.h
configure:4107: result: yes
configure:4107: checking sys/socket.h usability
configure:4107: gcc -c -O0  conftest.c >&5
configure:4107: $? = 0
configure:4107: result: yes
configure:4107: checking sys/socket.h presence
configure:4107: gcc -E  conftest.c
configure:4107: $? = 0
configure:4107: result: yes
configure:4107: checking for sys/socket.h
configure:4107: result: yes
configure:4107: checking termios.h usability
configure:4107: gcc -c -O0  conftest.c >&5
configure:4107: $? = 0
configure:4107: result: yes
configure:4107: checking termios.h presence
configure:4107: gcc -E  conftest.c
configure:4107: $? = 0
configure:4107: result: yes
configure:4107: checking for termios.h
configure:4107: result: yes
configure:4107: checking for unistd.h
configure:4107: result: yes
configure:4107: checking sys/sendfile.h usability
configure:4107: gcc -c -O0  conftest.c >&5
configure:4107: $? = 0
configure:4107: result: yes
configure:4107: checking sys/sendfile.h presence
configure:4107: gcc -E  conftest.c
configure:4107: $? = 0
configure:4107: result: yes
configure:4107: checking for sys/sendfile.h
configure:4107: result: yes
configure:4119: checking for an ANSI C-conforming const
configure:4185: gcc -c -O0  conftest.c >&5
configure:4185: $? = 0
configure:4192: result: yes
configure:4200: checking for off_t
configure:4200: gcc -c -O0  conftest.c >&5
configure:4200: $? = 0
configure:4200: gcc -c -O0  conftest.c >&5
conftest.c: In function 'main':
conftest.c:69:20: error: expected expression before ')' token
   69 | if (sizeof ((off_t)))
      |                    ^
configure:4200: $? = 1
configure: failed program was:
| /* confdefs.h */
| #define PACKAGE_NAME "STOICAL"
| #define PACKAGE_TARNAME "stoical"
| #define PACKAGE_VERSION "0.1.9"
| #define PACKAGE_STRING "STOICAL 0.1.9"
| #define PACKAGE_BUGREPORT "chezmike@gmail.com"
| #define PACKAGE_URL ""
| #define DEBUG 1
| #define PROFILE 1
| #define HAVE_LIBM 1
| #define HAVE_DIRENT_H 1
| #define STDC_HEADERS 1
| #define HAVE_SYS_TYPES_H 1
| #define HAVE_SYS_STAT_H 1
| #define HAVE_STDLIB_H 1
| #define HAVE_STRING_H 1
| #define HAVE_MEMORY_H 1
| #define HAVE_STRINGS_H 1
| #define HAVE_INTTYPES_H 1
| #define HAVE_STDINT_H 1
| #define HAVE_UNISTD_H 1
| #define HAVE_ARPA_INET_H 1
| #define HAVE_FCNTL_H 1
| #define HAVE_NETDB_H 1
| #define HAVE_NETINET_IN_H 1
| #define HAVE_STDLIB_H 1
| #define HAVE_STRING_H 1
| #define HAVE_SYS_SOCKET_H 1
| #define HAVE_TERMIOS_H 1
| #define HAVE_UNISTD_H 1
| #define HAVE_SYS_SENDFILE_H 1
| /* end confdefs.h.  */
| #include <stdio.h>
| #ifdef HAVE_SYS_TYPES_H
| # include <sys/types.h>
| #endif
| #ifdef HAVE_SYS_STAT_H
| # include <sys/stat.h>
| #endif
| #ifdef STDC_HEADERS
| # include <stdlib.h>
| # include <stddef.h>
| #else
| # ifdef HAVE_STDLIB_H
| #  include <stdlib.h>
| # endif
| #endif
| #ifdef HAVE_STRING_H
| # if !defined STDC_HEADERS && defined HAVE_MEMORY_H
| #  include <memory.h>
| # endif
| # include <string.h>
| #endif
| #ifdef HAVE_STRINGS_H
| # include <strings.h>
| #endif
| #ifdef HAVE_INTTYPES_H
| # include <inttypes.h>
| #endif
| #ifdef HAVE_STDINT_H
| # include <stdint.h>
| #endif
| #ifdef HAVE_UNISTD_H
| # include <unistd.h>
| #endif
| int
| main ()
| {
| if (sizeof ((off_t)))
| 	    return 0;
|   ;
|   return 0;
| }
configure:4200: result: yes
configure:4211: checking for struct stat.st_blksize
configure:4211: gcc -c -O0  conftest.c >&5
configure:4211: $? = 0
configure:4211: result: yes
configure:4221: checking for struct stat.st_blocks
configure:4221: gcc -c -O0  conftest.c >&5
configure:4221: $? = 0
configure:4221: result: yes
configure:4241: checking for struct stat.st_rdev
configure:4241: gcc -c -O0  conftest.c >&5
configure:4241: $? = 0
configure:4241: result: yes
configure:4256: checking size of int
configure:4261: gcc -o conftest -O0   conftest.c -lm  >&5
configure:4261: $? = 0
configure:4261: ./conftest
configure:4261: $? = 0
configure:4275: result: 4
configure:4289: checking size of void *
configure:4294: gcc -o conftest -O0   conftest.c -lm  >&5
configure:4294: $? = 0
configure:4294: ./conftest
configure:4294: $? = 0
configure:4308: result: 8
configure:4321: checking size of long
configure:4326: gcc -o conftest -O0   conftest.c -lm  >&5
configure:4326: $? = 0
configure:4326: ./conftest
configure:4326: $? = 0
configure:4340: result: 8
configure:4354: checking size of short
configure:4359: gcc -o conftest -O0   conftest.c -lm  >&5
configure:4359: $? = 0
configure:4359: ./conftest
configure:4359: $? = 0
configure:4373: result: 2
configure:4387: checking size of float
configure:4392: gcc -o conftest -O0   conftest.c -lm  >&5
configure:4392: $? = 0
configure:4392: ./conftest
configure:4392: $? = 0
configure:4406: result: 4
configure:4420: checking size of double
configure:4425: gcc -o conftest -O0   conftest.c -lm  >&5
configure:4425: $? = 0
configure:4425: ./conftest
configure:4425: $? = 0
configure:4439: result: 8
configure:4451: checking for error_at_line
configure:4467: gcc -o conftest -O0   conftest.c -lm  >&5
configure:4467: $? = 0
configure:4475: result: yes
configure:4488: checking for stdlib.h
configure:4488: result: yes
configure:4498: checking for GNU libc compatible malloc
configure:4522: gcc -o conftest -O0   conftest.c -lm  >&5
configure:4522: $? = 0
configure:4522: ./conftest
configure:4522: $? = 0
configure:4532: result: yes
configure:4560: checking whether lstat correctly handles trailing slash
configure:4586: gcc -o conftest -O0   conftest.c -lm  >&5
configure:4586: $? = 0
configure:4586: ./conftest
configure:4586: $? = 0
configure:4603: result: yes
configure:4622: checking whether stat accepts an empty string
configure:4642: gcc -o conftest -O0   conftest.c -lm  >&5
configure:4642: $? = 0
configure:4642: ./conftest
configure:4642: $? = 0
configure:4652: result: no
configure:4670: checking for vprintf
configure:4670: gcc -o conftest -O0   conftest.c -lm  >&5
conftest.c:69:6: warning: conflicting types for built-in function 'vprintf'; expected 'int(const char *, __va_list_tag *)' [-Wbuiltin-declaration-mismatch]
   69 | char vprintf ();
      |      ^~~~~~~
conftest.c:57:1: note: 'vprintf' is declared in header '<stdio.h>'
   56 | # include <limits.h>
   57 | #else
configure:4670: $? = 0
configure:4670: result: yes
configure:4676: checking for _doprnt
configure:4676: gcc -o conftest -O0   conftest.c -lm  >&5
/usr/bin/ld: /tmp/ccvAhnHZ.o: in function `main':
conftest.c:(.text+0xe): undefined reference to `_doprnt'
collect2: error: ld returned 1 exit status
configure:4676: $? = 1
configure: failed program was:
| /* confdefs.h */
| #define PACKAGE_NAME "STOICAL"
| #define PACKAGE_TARNAME "stoical"
| #define PACKAGE_VERSION "0.1.9"
| #define PACKAGE_STRING "STOICAL 0.1.9"
| #define PACKAGE_BUGREPORT "chezmike@gmail.com"
| #define PACKAGE_URL ""
| #define DEBUG 1
| #define PROFILE 1
| #define HAVE_LIBM 1
| #define HAVE_DIRENT_H 1
| #define STDC_HEADERS 1
| #define HAVE_SYS_TYPES_H 1
| #define HAVE_SYS_STAT_H 1
| #define HAVE_STDLIB_H 1
| #define HAVE_STRING_H 1
| #define HAVE_MEMORY_H 1
| #define HAVE_STRINGS_H 1
| #define HAVE_INTTYPES_H 1
| #define HAVE_STDINT_H 1
| #define HAVE_UNISTD_H 1
| #define HAVE_ARPA_INET_H 1
| #define HAVE_FCNTL_H 1
| #define HAVE_NETDB_H 1
| #define HAVE_NETINET_IN_H 1
| #define HAVE_STDLIB_H 1
| #define HAVE_STRING_H 1
| #define HAVE_SYS_SOCKET_H 1
| #define HAVE_TERMIOS_H 1
| #define HAVE_UNISTD_H 1
| #define HAVE_SYS_SENDFILE_H 1
| #define HAVE_STRUCT_STAT_ST_BLKSIZE 1
| #define HAVE_STRUCT_STAT_ST_BLOCKS 1
| #define HAVE_ST_BLOCKS 1
| #define HAVE_STRUCT_STAT_ST_RDEV 1
| #define SIZEOF_INT 4
| #define SIZEOF_VOID_P 8
| #define SIZEOF_LONG 8
| #define SIZEOF_SHORT 2
| #define SIZEOF_FLOAT 4
| #define SIZEOF_DOUBLE 8
| #define HAVE_STDLIB_H 1
| #define HAVE_MALLOC 1
| #define LSTAT_FOLLOWS_SLASHED_SYMLINK 1
| #define HAVE_VPRINTF 1
| /* end confdefs.h.  */
| /* Define _doprnt to an innocuous variant, in case <limits.h> declares _doprnt.
|    For example, HP-UX 11i <limits.h> declares gettimeofday.  */
| #define _doprnt innocuous__doprnt
| 
| /* System header to define __stub macros and hopefully few prototypes,
|     which can conflict with char _doprnt (); below.
|     Prefer <limits.h> to <assert.h> if __STDC__ is defined, since
|     <limits.h> exists even on freestanding compilers.  */
| 
| #ifdef __STDC__
| # include <limits.h>
| #else
| # include <assert.h>
| #endif
| 
| #undef _doprnt
| 
| /* Override any GCC internal prototype to avoid an error.
|    Use char because int might match the return type of a GCC
|    builtin and then its argument prototype would still apply.  */
| #ifdef __cplusplus
| extern "C"
| #endif
| char _doprnt ();
| /* The GNU C library defines this for functions which it implements
|     to always fail with ENOSYS.  Some functions are actually named
|     something starting with __ and the normal name is an alias.  */
| #if defined __stub__doprnt || defined __stub____doprnt
| choke me
| #endif
| 
| int
| main ()
| {
| return _doprnt ();
|   ;
|   return 0;
| }
configure:4676: result: no
configure:4690: checking for gethostbyname
configure:4690: gcc -o conftest -O0   conftest.c -lm  >&5
configure:4690: $? = 0
configure:4690: result: yes
configure:4690: checking for memchr
configure:4690: gcc -o conftest -O0   conftest.c -lm  >&5
conftest.c:71:6: warning: conflicting types for built-in function 'memchr'; expected 'void *(const void *, int,  long unsigned int)' [-Wbuiltin-declaration-mismatch]
   71 | char memchr ();
      |      ^~~~~~
conftest.c:59:1: note: 'memchr' is declared in header '<string.h>'
   58 | # include <limits.h>
   59 | #else
configure:4690: $? = 0
configure:4690: result: yes
configure:4690: checking for memmove
configure:4690: gcc -o conftest -O0   conftest.c -lm  >&5
conftest.c:72:6: warning: conflicting types for built-in function 'memmove'; expected 'void *(void *, const void *, long unsigned int)' [-Wbuiltin-declaration-mismatch]
   72 | char memmove ();
      |      ^~~~~~~
conftest.c:60:1: note: 'memmove' is declared in header '<string.h>'
   59 | # include <limits.h>
   60 | #else
configure:4690: $? = 0
configure:4690: result: yes
configure:4690: checking for mkdir
configure:4690: gcc -o conftest -O0   conftest.c -lm  >&5
configure:4690: $? = 0
configure:4690: result: yes
configure:4690: checking for regcomp
configure:4690: gcc -o conftest -O0   conftest.c -lm  >&5
configure:4690: $? = 0
configure:4690: result: yes
configure:4690: checking for rmdir
configure:4690: gcc -o conftest -O0   conftest.c -lm  >&5
configure:4690: $? = 0
configure:4690: result: yes
configure:4690: checking for setenv
configure:4690: gcc -o conftest -O0   conftest.c -lm  >&5
configure:4690: $? = 0
configure:4690: result: yes
configure:4690: checking for socket
configure:4690: gcc -o conftest -O0   conftest.c -lm  >&5
configure:4690: $? = 0
configure:4690: result: yes
configure:4690: checking for strtol
configure:4690: gcc -o conftest -O0   conftest.c -lm  >&5
configure:4690: $? = 0
configure:4690: result: yes
configure:4690: checking for pthread_delay_np
configure:4690: gcc -o conftest -O0   conftest.c -lm  >&5
/usr/bin/ld: /tmp/ccH1yf0N.o: in function `main':
conftest.c:(.text+0xe): undefined reference to `pthread_delay_np'
collect2: error: ld returned 1 exit status
configure:4690: $? = 1
configure: failed program was:
| /* confdefs.h */
| #define PACKAGE_NAME "STOICAL"
| #define PACKAGE_TARNAME "stoical"
| #define PACKAGE_VERSION "0.1.9"
| #define PACKAGE_STRING "STOICAL 0.1.9"
| #define PACKAGE_BUGREPORT "chezmike@gmail.com"
| #define PACKAGE_URL ""
| #define DEBUG 1
| #define PROFILE 1
| #define HAVE_LIBM 1
| #define HAVE_DIRENT_H 1
| #define STDC_HEADERS 1
| #define HAVE_SYS_TYPES_H 1
| #define HAVE_SYS_STAT_H 1
| #define HAVE_STDLIB_H 1
| #define HAVE_STRING_H 1
| #define HAVE_MEMORY_H 1
| #define HAVE_STRINGS_H 1
| #define HAVE_INTTYPES_H 1
| #define HAVE_STDINT_H 1
| #define HAVE_UNISTD_H 1
| #define HAVE_ARPA_INET_H 1
| #define HAVE_FCNTL_H 1
| #define HAVE_NETDB_H 1
| #define HAVE_NETINET_IN_H 1
| #define HAVE_STDLIB_H 1
| #define HAVE_STRING_H 1
| #define HAVE_SYS_SOCKET_H 1
| #define HAVE_TERMIOS_H 1
| #define HAVE_UNISTD_H 1
| #define HAVE_SYS_SENDFILE_H 1
| #define HAVE_STRUCT_STAT_ST_BLKSIZE 1
| #define HAVE_STRUCT_STAT_ST_BLOCKS 1
| #define HAVE_ST_BLOCKS 1
| #define HAVE_STRUCT_STAT_ST_RDEV 1
| #define SIZEOF_INT 4
| #define SIZEOF_VOID_P 8
| #define SIZEOF_LONG 8
| #define SIZEOF_SHORT 2
| #define SIZEOF_FLOAT 4
| #define SIZEOF_DOUBLE 8
| #define HAVE_STDLIB_H 1
| #define HAVE_MALLOC 1
| #define LSTAT_FOLLOWS_SLASHED_SYMLINK 1
| #define HAVE_VPRINTF 1
| #define HAVE_GETHOSTBYNAME 1
| #define HAVE_MEMCHR 1
| #define HAVE_MEMMOVE 1
| #define HAVE_MKDIR 1
| #define HAVE_REGCOMP 1
| #define HAVE_RMDIR 1
| #define HAVE_SETENV 1
| #define HAVE_SOCKET 1
| #define HAVE_STRTOL 1
| /* end confdefs.h.  */
| /* Define pthread_delay_np to an innocuous variant, in case <limits.h> declares pthread_delay_np.
|    For example, HP-UX 11i <limits.h> declares gettimeofday.  */
| #define pthread_delay_np innocuous_pthread_delay_np
| 
| /* System header to define __stub macros and hopefully few prototypes,
|     which can conflict with char pthread_delay_np (); below.
|     Prefer <limits.h> to <assert.h> if __STDC__ is defined, since
|     <limits.h> exists even on freestanding compilers.  */
| 
| #ifdef __STDC__
| # include <limits.h>
| #else
| # include <assert.h>
| #endif
| 
| #undef pthread_delay_np
| 
| /* Override any GCC internal prototype to avoid an error.
|    Use char because int might match the return type of a GCC
|    builtin and then its argument prototype would still apply.  */
| #ifdef __cplusplus
| extern "C"
| #endif
| char pthread_delay_np ();
| /* The GNU C library defines this for functions which it implements
|     to always fail with ENOSYS.  Some functions are actually named
|     something starting with __ and the normal name is an alias.  */
| #if defined __stub_pthread_delay_np || defined __stub___pthread_delay_np
| choke me
| #endif
| 
| int
| main ()
| {
| return pthread_delay_np ();
|   ;
|   return 0;
| }
configure:4690: result: no
configure:4690: checking for sendfile
configure:4690: gcc -o conftest -O0   conftest.c -lm  >&5
configure:4690: $? = 0
configure:4690: result: yes
configure:4690: checking for pselect
configure:4690: gcc -o conftest -O0   conftest.c -lm  >&5
configure:4690: $? = 0
configure:4690: result: yes
configure:4808: creating ./config.status

## ---------------------- ##
## Running config.status. ##
## ---------------------- ##

This file was extended by STOICAL config.status 0.1.9, which was
generated by GNU Autoconf 2.69.  Invocation command line was

  CONFIG_FILES    = 
  CONFIG_HEADERS  = 
  CONFIG_LINKS    = 
  CONFIG_COMMANDS = 
  $ ./config.status 

on Flipper

config.status:841: creating Makefile
config.status:841: creating src/Makefile
config.status:841: creating test/Makefile
config.status:841: creating doc/stoical.1
config.status:841: creating config.h
configure:5976: result: 
configure:5978: result: ----{ STOICAL 0.1.9
configure:5980: result: CFLAGS	: -O0
configure:5982: result: LIBS	: -lm 
configure:5984: result: prefix	: /usr/local
configure:5986: result: 
configure:5988: result: threads	: no
configure:5990: result: debug	: yes
configure:5992: result: safe	: yes
configure:5994: result: profile	: yes
configure:5996: result: }-----

## ---------------- ##
## Cache variables. ##
## ---------------- ##

ac_cv_c_compiler_gnu=yes
ac_cv_c_const=yes
ac_cv_env_CC_set=
ac_cv_env_CC_value=
ac_cv_env_CFLAGS_set=set
ac_cv_env_CFLAGS_value=-O0
ac_cv_env_CPPFLAGS_set=
ac_cv_env_CPPFLAGS_value=
ac_cv_env_CPP_set=
ac_cv_env_CPP_value=
ac_cv_env_LDFLAGS_set=
ac_cv_env_LDFLAGS_value=
ac_cv_env_LIBS_set=
ac_cv_env_LIBS_value=
ac_cv_env_build_alias_set=
ac_cv_env_build_alias_value=
ac_cv_env_host_alias_set=
ac_cv_env_host_alias_value=
ac_cv_env_target_alias_set=
ac_cv_env_target_alias_value=
ac_cv_func__doprnt=no
ac_cv_func_gethostbyname=yes
ac_cv_func_lstat_dereferences_slashed_symlink=yes
ac_cv_func_malloc_0_nonnull=yes
ac_cv_func_memchr=yes
ac_cv_func_memmove=yes
ac_cv_func_mkdir=yes
ac_cv_func_pselect=yes
ac_cv_func_pthread_delay_np=no
ac_cv_func_regcomp=yes
ac_cv_func_rmdir=yes
ac_cv_func_sendfile=yes
ac_cv_func_setenv=yes
ac_cv_func_setvbuf_reversed=no
ac_cv_func_socket=yes
ac_cv_func_stat_empty_string_bug=no
ac_cv_func_strtol=yes
ac_cv_func_vprintf=yes
ac_cv_header_arpa_inet_h=yes
ac_cv_header_dirent_dirent_h=yes
ac_cv_header_fcntl_h=yes
ac_cv_header_inttypes_h=yes
ac_cv_header_memory_h=yes
ac_cv_header_netdb_h=yes
ac_cv_header_netinet_in_h=yes
ac_cv_header_stdc=yes
ac_cv_header_stdint_h=yes
ac_cv_header_stdlib_h=yes
ac_cv_header_string_h=yes
ac_cv_header_strings_h=yes
ac_cv_header_sys_sendfile_h=yes
ac_cv_header_sys_socket_h=yes
ac_cv_header_sys_stat_h=yes
ac_cv_header_sys_types_h=yes
ac_cv_header_termios_h=yes
ac_cv_header_unistd_h=yes
ac_cv_lib_error_at_line=yes
ac_cv_lib_m_fabsf=yes
ac_cv_lib_readline_readline=no
ac_cv_lib_termcap_tputs=no
ac_cv_member_struct_stat_st_blksize=yes
ac_cv_member_struct_stat_st_blocks=yes
ac_cv_member_struct_stat_st_rdev=yes
ac_cv_objext=o
ac_cv_path_EGREP='/usr/bin/grep -E'
ac_cv_path_GREP=/usr/bin/grep
ac_cv_path_install='/usr/bin/install -c'
ac_cv_prog_CPP='gcc -E'
ac_cv_prog_ac_ct_CC=gcc
ac_cv_prog_cc_c89=
ac_cv_prog_cc_g=yes
ac_cv_search_opendir='none required'
ac_cv_sizeof_double=8
ac_cv_sizeof_float=4
ac_cv_sizeof_int=4
ac_cv_sizeof_long=8
ac_cv_sizeof_short=2
ac_cv_sizeof_void_p=8
ac_cv_type_off_t=yes

## ----------------- ##
## Output variables. ##
## ----------------- ##

CC='gcc'
CFLAGS='-O0'
CPP='gcc -E'
CPPFLAGS=''
DEFS='-DHAVE_CONFIG_H'
ECHO_C=''
ECHO_N='-n'
ECHO_T=''
EGREP='/usr/bin/grep -E'
EXEEXT=''
GREP='/usr/bin/grep'
INSTALL_DATA='${INSTALL} -m 644'
INSTALL_PROGRAM='${INSTALL}'
INSTALL_SCRIPT='${INSTALL}'
LDFLAGS=''
LIBOBJS=''
LIBS='-lm '
LN_S='ln -s'
LTLIBOBJS=''
OBJEXT='o'
PACKAGE_BUGREPORT='chezmike@gmail.com'
PACKAGE_NAME='STOICAL'
PACKAGE_STRING='STOICAL 0.1.9'
PACKAGE_TARNAME='stoical'
PACKAGE_URL=''
PACKAGE_VERSION='0.1.9'
PATH_SEPARATOR=':'
SHELL='/bin/bash'
ac_ct_CC='gcc'
bindir='${exec_prefix}/bin'
build_alias=''
datadir='${datarootdir}'
datarootdir='${prefix}/share'
docdir='${datarootdir}/doc/${PACKAGE_TARNAME}'
dvidir='${docdir}'
exec_prefix='${prefix}'
host_alias=''
htmldir='${docdir}'
includedir='${prefix}/include'
infodir='${datarootdir}/info'
libdir='${exec_prefix}/lib'
libexecdir='${exec_prefix}/libexec'
localedir='${datarootdir}/locale'
localstatedir='${prefix}/var'
mandir='${datarootdir}/man'
oldincludedir='/usr/include'
pdfdir='${docdir}'
prefix='/usr/local'
program_transform_name='s,x,x,'
psdir='${docdir}'
runstatedir='${localstatedir}/run'
sbindir='${exec_prefix}/sbin'
sharedstatedir='${prefix}/com'
sysconfdir='${prefix}/etc'
target_alias=''

## ----------- ##
## confdefs.h. ##
## ----------- ##

/* confdefs.h */
#define PACKAGE_NAME "STOICAL"
#define PACKAGE_TARNAME "stoical"
#define PACKAGE_VERSION "0.1.9"
#define PACKAGE_STRING "STOICAL 0.1.9"
#define PACKAGE_BUGREPORT "chezmike@gmail.com"
#define PACKAGE_URL ""
#define DEBUG 1
#define PROFILE 1
#define HAVE_LIBM 1
#define HAVE_DIRENT_H 1
#define STDC_HEADERS 1
#define HAVE_SYS_TYPES_H 1
#define HAVE_SYS_STAT_H 1
#define HAVE_STDLIB_H 1
#define HAVE_STRING_H 1
#define HAVE_MEMORY_H 1
#define HAVE_STRINGS_H 1
#define HAVE_INTTYPES_H 1
#define HAVE_STDINT_H 1
#define HAVE_UNISTD_H 1
#define HAVE_ARPA_INET_H 1
#define HAVE_FCNTL_H 1
#define HAVE_NETDB_H 1
#define HAVE_NETINET_IN_H 1
#define HAVE_STDLIB_H 1
#define HAVE_STRING_H 1
#define HAVE_SYS_SOCKET_H 1
#define HAVE_TERMIOS_H 1
#define HAVE_UNISTD_H 1
#define HAVE_SYS_SENDFILE_H 1
#define HAVE_STRUCT_STAT_ST_BLKSIZE 1
#define HAVE_STRUCT_STAT_ST_BLOCKS 1
#define HAVE_ST_BLOCKS 1
#define HAVE_STRUCT_STAT_ST_RDEV 1
#define SIZEOF_INT 4
#define SIZEOF_VOID_P 8
#define SIZEOF_LONG 8
#define SIZEOF_SHORT 2
#define SIZEOF_FLOAT 4
#define SIZEOF_DOUBLE 8
#define HAVE_STDLIB_H 1
#define HAVE_MALLOC 1
#define LSTAT_FOLLOWS_SLASHED_SYMLINK 1
#define HAVE_VPRINTF 1
#define HAVE_GETHOSTBYNAME 1
#define HAVE_MEMCHR 1
#define HAVE_MEMMOVE 1
#define HAVE_MKDIR 1
#define HAVE_REGCOMP 1
#define HAVE_RMDIR 1
#define HAVE_SETENV 1
#define HAVE_SOCKET 1
#define HAVE_STRTOL 1
#define HAVE_SENDFILE 1
#define HAVE_PSELECT 1

configure: exit 0
